Info: Starting: Create block symbol file (.bsf)
Info: qsys-generate C:\cygwin\home\ece4530f19\example-nios-sdram\platformniossdram.qsys --block-symbol-file --output-directory=C:\cygwin\home\ece4530f19\example-nios-sdram\platformniossdram --family="Cyclone V" --part=5CSEMA5F31C6
Progress: Loading example-nios-sdram/platformniossdram.qsys
Progress: Reading input file
Progress: Adding clk_0 [clock_source 18.1]
Progress: Parameterizing module clk_0
Progress: Adding cordicci_0 [cordicci 1.0]
Progress: Parameterizing module cordicci_0
Progress: Adding jtag_uart_0 [altera_avalon_jtag_uart 18.1]
Progress: Parameterizing module jtag_uart_0
Progress: Adding nios2_gen2_0 [altera_nios2_gen2 18.1]
Progress: Parameterizing module nios2_gen2_0
Progress: Adding onchip_memory2_0 [altera_avalon_onchip_memory2 18.1]
Progress: Parameterizing module onchip_memory2_0
Progress: Adding pio_0 [altera_avalon_pio 18.1]
Progress: Parameterizing module pio_0
Progress: Adding pio_1 [altera_avalon_pio 18.1]
Progress: Parameterizing module pio_1
Progress: Adding pio_2 [altera_avalon_pio 18.1]
Progress: Parameterizing module pio_2
Progress: Adding pll_0 [altera_pll 18.1]
Progress: Parameterizing module pll_0
Progress: Adding scratchpad [altera_avalon_onchip_memory2 18.1]
Progress: Parameterizing module scratchpad
Progress: Adding sdram [altera_avalon_new_sdram_controller 18.1]
Progress: Parameterizing module sdram
Progress: Adding timer_0 [altera_avalon_timer 18.1]
Progress: Parameterizing module timer_0
Progress: Adding timer_1 [altera_avalon_timer 18.1]
Progress: Parameterizing module timer_1
Progress: Building connections
Progress: Parameterizing connections
Progress: Validating
Progress: Done reading input file
Info: platformniossdram.jtag_uart_0: JTAG UART IP input clock need to be at least double (2x) the operating frequency of JTAG TCK on board
Info: platformniossdram.pio_2: PIO inputs are not hardwired in test bench. Undefined values will be read from PIO inputs during simulation.
Info: platformniossdram.pll_0: The legal reference clock frequency is 5.0 MHz..800.0 MHz
Warning: platformniossdram.pll_0: Able to implement PLL - Actual settings differ from Requested settings
Info: platformniossdram.sdram: SDRAM Controller will only be supported in Quartus Prime Standard Edition in the future release.
Info: qsys-generate succeeded.
Info: Finished: Create block symbol file (.bsf)
Info: 
Info: Starting: Create HDL design files for synthesis
Info: qsys-generate C:\cygwin\home\ece4530f19\example-nios-sdram\platformniossdram.qsys --synthesis=VERILOG --output-directory=C:\cygwin\home\ece4530f19\example-nios-sdram\platformniossdram\synthesis --family="Cyclone V" --part=5CSEMA5F31C6
Progress: Loading example-nios-sdram/platformniossdram.qsys
Progress: Reading input file
Progress: Adding clk_0 [clock_source 18.1]
Progress: Parameterizing module clk_0
Progress: Adding cordicci_0 [cordicci 1.0]
Progress: Parameterizing module cordicci_0
Progress: Adding jtag_uart_0 [altera_avalon_jtag_uart 18.1]
Progress: Parameterizing module jtag_uart_0
Progress: Adding nios2_gen2_0 [altera_nios2_gen2 18.1]
Progress: Parameterizing module nios2_gen2_0
Progress: Adding onchip_memory2_0 [altera_avalon_onchip_memory2 18.1]
Progress: Parameterizing module onchip_memory2_0
Progress: Adding pio_0 [altera_avalon_pio 18.1]
Progress: Parameterizing module pio_0
Progress: Adding pio_1 [altera_avalon_pio 18.1]
Progress: Parameterizing module pio_1
Progress: Adding pio_2 [altera_avalon_pio 18.1]
Progress: Parameterizing module pio_2
Progress: Adding pll_0 [altera_pll 18.1]
Progress: Parameterizing module pll_0
Progress: Adding scratchpad [altera_avalon_onchip_memory2 18.1]
Progress: Parameterizing module scratchpad
Progress: Adding sdram [altera_avalon_new_sdram_controller 18.1]
Progress: Parameterizing module sdram
Progress: Adding timer_0 [altera_avalon_timer 18.1]
Progress: Parameterizing module timer_0
Progress: Adding timer_1 [altera_avalon_timer 18.1]
Progress: Parameterizing module timer_1
Progress: Building connections
Progress: Parameterizing connections
Progress: Validating
Progress: Done reading input file
Info: platformniossdram.jtag_uart_0: JTAG UART IP input clock need to be at least double (2x) the operating frequency of JTAG TCK on board
Info: platformniossdram.pio_2: PIO inputs are not hardwired in test bench. Undefined values will be read from PIO inputs during simulation.
Info: platformniossdram.pll_0: The legal reference clock frequency is 5.0 MHz..800.0 MHz
Warning: platformniossdram.pll_0: Able to implement PLL - Actual settings differ from Requested settings
Info: platformniossdram.sdram: SDRAM Controller will only be supported in Quartus Prime Standard Edition in the future release.
Info: platformniossdram: Generating platformniossdram "platformniossdram" for QUARTUS_SYNTH
Info: Inserting clock-crossing logic between cmd_demux.src3 and cmd_mux_003.sink0
Info: Inserting clock-crossing logic between rsp_demux_003.src0 and rsp_mux.sink3
Warning: platformniossdram: "No matching role found for nios2_gen2_0_custom_instruction_master_multi_xconnect:ci_slave:ci_slave_ipending (ipending)"
Warning: platformniossdram: "No matching role found for nios2_gen2_0_custom_instruction_master_multi_xconnect:ci_slave:ci_slave_estatus (estatus)"
Info: cordicci_0: "platformniossdram" instantiated cordicci "cordicci_0"
Info: jtag_uart_0: Starting RTL generation for module 'platformniossdram_jtag_uart_0'
Info: jtag_uart_0:   Generation command is [exec C:/intelfpga_lite/18.1/quartus/bin64/perl/bin/perl.exe -I C:/intelfpga_lite/18.1/quartus/bin64/perl/lib -I C:/intelfpga_lite/18.1/quartus/sopc_builder/bin/europa -I C:/intelfpga_lite/18.1/quartus/sopc_builder/bin/perl_lib -I C:/intelfpga_lite/18.1/quartus/sopc_builder/bin -I C:/intelfpga_lite/18.1/quartus/../ip/altera/sopc_builder_ip/common -I C:/intelfpga_lite/18.1/quartus/../ip/altera/sopc_builder_ip/altera_avalon_jtag_uart -- C:/intelfpga_lite/18.1/quartus/../ip/altera/sopc_builder_ip/altera_avalon_jtag_uart/generate_rtl.pl --name=platformniossdram_jtag_uart_0 --dir=C:/Users/PATRIC~1/AppData/Local/Temp/alt8214_5179703578913010801.dir/0003_jtag_uart_0_gen/ --quartus_dir=C:/intelfpga_lite/18.1/quartus --verilog --config=C:/Users/PATRIC~1/AppData/Local/Temp/alt8214_5179703578913010801.dir/0003_jtag_uart_0_gen//platformniossdram_jtag_uart_0_component_configuration.pl  --do_build_sim=0  ]
Info: jtag_uart_0: Done RTL generation for module 'platformniossdram_jtag_uart_0'
Info: jtag_uart_0: "platformniossdram" instantiated altera_avalon_jtag_uart "jtag_uart_0"
Info: nios2_gen2_0: "platformniossdram" instantiated altera_nios2_gen2 "nios2_gen2_0"
Info: onchip_memory2_0: Starting RTL generation for module 'platformniossdram_onchip_memory2_0'
Info: onchip_memory2_0:   Generation command is [exec C:/intelfpga_lite/18.1/quartus/bin64/perl/bin/perl.exe -I C:/intelfpga_lite/18.1/quartus/bin64/perl/lib -I C:/intelfpga_lite/18.1/quartus/sopc_builder/bin/europa -I C:/intelfpga_lite/18.1/quartus/sopc_builder/bin/perl_lib -I C:/intelfpga_lite/18.1/quartus/sopc_builder/bin -I C:/intelfpga_lite/18.1/quartus/../ip/altera/sopc_builder_ip/common -I C:/intelfpga_lite/18.1/quartus/../ip/altera/sopc_builder_ip/altera_avalon_onchip_memory2 -- C:/intelfpga_lite/18.1/quartus/../ip/altera/sopc_builder_ip/altera_avalon_onchip_memory2/generate_rtl.pl --name=platformniossdram_onchip_memory2_0 --dir=C:/Users/PATRIC~1/AppData/Local/Temp/alt8214_5179703578913010801.dir/0004_onchip_memory2_0_gen/ --quartus_dir=C:/intelfpga_lite/18.1/quartus --verilog --config=C:/Users/PATRIC~1/AppData/Local/Temp/alt8214_5179703578913010801.dir/0004_onchip_memory2_0_gen//platformniossdram_onchip_memory2_0_component_configuration.pl  --do_build_sim=0  ]
Info: onchip_memory2_0: Done RTL generation for module 'platformniossdram_onchip_memory2_0'
Info: onchip_memory2_0: "platformniossdram" instantiated altera_avalon_onchip_memory2 "onchip_memory2_0"
Info: pio_0: Starting RTL generation for module 'platformniossdram_pio_0'
Info: pio_0:   Generation command is [exec C:/intelfpga_lite/18.1/quartus/bin64/perl/bin/perl.exe -I C:/intelfpga_lite/18.1/quartus/bin64/perl/lib -I C:/intelfpga_lite/18.1/quartus/sopc_builder/bin/europa -I C:/intelfpga_lite/18.1/quartus/sopc_builder/bin/perl_lib -I C:/intelfpga_lite/18.1/quartus/sopc_builder/bin -I C:/intelfpga_lite/18.1/quartus/../ip/altera/sopc_builder_ip/common -I C:/intelfpga_lite/18.1/quartus/../ip/altera/sopc_builder_ip/altera_avalon_pio -- C:/intelfpga_lite/18.1/quartus/../ip/altera/sopc_builder_ip/altera_avalon_pio/generate_rtl.pl --name=platformniossdram_pio_0 --dir=C:/Users/PATRIC~1/AppData/Local/Temp/alt8214_5179703578913010801.dir/0005_pio_0_gen/ --quartus_dir=C:/intelfpga_lite/18.1/quartus --verilog --config=C:/Users/PATRIC~1/AppData/Local/Temp/alt8214_5179703578913010801.dir/0005_pio_0_gen//platformniossdram_pio_0_component_configuration.pl  --do_build_sim=0  ]
Info: pio_0: Done RTL generation for module 'platformniossdram_pio_0'
Info: pio_0: "platformniossdram" instantiated altera_avalon_pio "pio_0"
Info: pio_1: Starting RTL generation for module 'platformniossdram_pio_1'
Info: pio_1:   Generation command is [exec C:/intelfpga_lite/18.1/quartus/bin64/perl/bin/perl.exe -I C:/intelfpga_lite/18.1/quartus/bin64/perl/lib -I C:/intelfpga_lite/18.1/quartus/sopc_builder/bin/europa -I C:/intelfpga_lite/18.1/quartus/sopc_builder/bin/perl_lib -I C:/intelfpga_lite/18.1/quartus/sopc_builder/bin -I C:/intelfpga_lite/18.1/quartus/../ip/altera/sopc_builder_ip/common -I C:/intelfpga_lite/18.1/quartus/../ip/altera/sopc_builder_ip/altera_avalon_pio -- C:/intelfpga_lite/18.1/quartus/../ip/altera/sopc_builder_ip/altera_avalon_pio/generate_rtl.pl --name=platformniossdram_pio_1 --dir=C:/Users/PATRIC~1/AppData/Local/Temp/alt8214_5179703578913010801.dir/0006_pio_1_gen/ --quartus_dir=C:/intelfpga_lite/18.1/quartus --verilog --config=C:/Users/PATRIC~1/AppData/Local/Temp/alt8214_5179703578913010801.dir/0006_pio_1_gen//platformniossdram_pio_1_component_configuration.pl  --do_build_sim=0  ]
Info: pio_1: Done RTL generation for module 'platformniossdram_pio_1'
Info: pio_1: "platformniossdram" instantiated altera_avalon_pio "pio_1"
Info: pio_2: Starting RTL generation for module 'platformniossdram_pio_2'
Info: pio_2:   Generation command is [exec C:/intelfpga_lite/18.1/quartus/bin64/perl/bin/perl.exe -I C:/intelfpga_lite/18.1/quartus/bin64/perl/lib -I C:/intelfpga_lite/18.1/quartus/sopc_builder/bin/europa -I C:/intelfpga_lite/18.1/quartus/sopc_builder/bin/perl_lib -I C:/intelfpga_lite/18.1/quartus/sopc_builder/bin -I C:/intelfpga_lite/18.1/quartus/../ip/altera/sopc_builder_ip/common -I C:/intelfpga_lite/18.1/quartus/../ip/altera/sopc_builder_ip/altera_avalon_pio -- C:/intelfpga_lite/18.1/quartus/../ip/altera/sopc_builder_ip/altera_avalon_pio/generate_rtl.pl --name=platformniossdram_pio_2 --dir=C:/Users/PATRIC~1/AppData/Local/Temp/alt8214_5179703578913010801.dir/0007_pio_2_gen/ --quartus_dir=C:/intelfpga_lite/18.1/quartus --verilog --config=C:/Users/PATRIC~1/AppData/Local/Temp/alt8214_5179703578913010801.dir/0007_pio_2_gen//platformniossdram_pio_2_component_configuration.pl  --do_build_sim=0  ]
Info: pio_2: Done RTL generation for module 'platformniossdram_pio_2'
Info: pio_2: "platformniossdram" instantiated altera_avalon_pio "pio_2"
Info: pll_0: "platformniossdram" instantiated altera_pll "pll_0"
Info: scratchpad: Starting RTL generation for module 'platformniossdram_scratchpad'
Info: scratchpad:   Generation command is [exec C:/intelfpga_lite/18.1/quartus/bin64/perl/bin/perl.exe -I C:/intelfpga_lite/18.1/quartus/bin64/perl/lib -I C:/intelfpga_lite/18.1/quartus/sopc_builder/bin/europa -I C:/intelfpga_lite/18.1/quartus/sopc_builder/bin/perl_lib -I C:/intelfpga_lite/18.1/quartus/sopc_builder/bin -I C:/intelfpga_lite/18.1/quartus/../ip/altera/sopc_builder_ip/common -I C:/intelfpga_lite/18.1/quartus/../ip/altera/sopc_builder_ip/altera_avalon_onchip_memory2 -- C:/intelfpga_lite/18.1/quartus/../ip/altera/sopc_builder_ip/altera_avalon_onchip_memory2/generate_rtl.pl --name=platformniossdram_scratchpad --dir=C:/Users/PATRIC~1/AppData/Local/Temp/alt8214_5179703578913010801.dir/0009_scratchpad_gen/ --quartus_dir=C:/intelfpga_lite/18.1/quartus --verilog --config=C:/Users/PATRIC~1/AppData/Local/Temp/alt8214_5179703578913010801.dir/0009_scratchpad_gen//platformniossdram_scratchpad_component_configuration.pl  --do_build_sim=0  ]
Info: scratchpad: Done RTL generation for module 'platformniossdram_scratchpad'
Info: scratchpad: "platformniossdram" instantiated altera_avalon_onchip_memory2 "scratchpad"
Info: sdram: Starting RTL generation for module 'platformniossdram_sdram'
Info: sdram:   Generation command is [exec C:/intelfpga_lite/18.1/quartus/bin64/perl/bin/perl.exe -I C:/intelfpga_lite/18.1/quartus/bin64/perl/lib -I C:/intelfpga_lite/18.1/quartus/sopc_builder/bin/europa -I C:/intelfpga_lite/18.1/quartus/sopc_builder/bin/perl_lib -I C:/intelfpga_lite/18.1/quartus/sopc_builder/bin -I C:/intelfpga_lite/18.1/quartus/../ip/altera/sopc_builder_ip/common -I C:/intelfpga_lite/18.1/quartus/../ip/altera/sopc_builder_ip/altera_avalon_new_sdram_controller -- C:/intelfpga_lite/18.1/quartus/../ip/altera/sopc_builder_ip/altera_avalon_new_sdram_controller/generate_rtl.pl --name=platformniossdram_sdram --dir=C:/Users/PATRIC~1/AppData/Local/Temp/alt8214_5179703578913010801.dir/0010_sdram_gen/ --quartus_dir=C:/intelfpga_lite/18.1/quartus --verilog --config=C:/Users/PATRIC~1/AppData/Local/Temp/alt8214_5179703578913010801.dir/0010_sdram_gen//platformniossdram_sdram_component_configuration.pl  --do_build_sim=0  ]
Info: sdram: Done RTL generation for module 'platformniossdram_sdram'
Info: sdram: "platformniossdram" instantiated altera_avalon_new_sdram_controller "sdram"
Info: timer_0: Starting RTL generation for module 'platformniossdram_timer_0'
Info: timer_0:   Generation command is [exec C:/intelFPGA_lite/18.1/quartus/bin64//perl/bin/perl.exe -I C:/intelFPGA_lite/18.1/quartus/bin64//perl/lib -I C:/intelfpga_lite/18.1/quartus/sopc_builder/bin/europa -I C:/intelfpga_lite/18.1/quartus/sopc_builder/bin/perl_lib -I C:/intelfpga_lite/18.1/quartus/sopc_builder/bin -I C:/intelfpga_lite/18.1/quartus/../ip/altera/sopc_builder_ip/common -I C:/intelfpga_lite/18.1/quartus/../ip/altera/sopc_builder_ip/altera_avalon_timer -- C:/intelfpga_lite/18.1/quartus/../ip/altera/sopc_builder_ip/altera_avalon_timer/generate_rtl.pl --name=platformniossdram_timer_0 --dir=C:/Users/PATRIC~1/AppData/Local/Temp/alt8214_5179703578913010801.dir/0011_timer_0_gen/ --quartus_dir=C:/intelfpga_lite/18.1/quartus --verilog --config=C:/Users/PATRIC~1/AppData/Local/Temp/alt8214_5179703578913010801.dir/0011_timer_0_gen//platformniossdram_timer_0_component_configuration.pl  --do_build_sim=0  ]
Info: timer_0: Done RTL generation for module 'platformniossdram_timer_0'
Info: timer_0: "platformniossdram" instantiated altera_avalon_timer "timer_0"
Info: nios2_gen2_0_custom_instruction_master_translator: "platformniossdram" instantiated altera_customins_master_translator "nios2_gen2_0_custom_instruction_master_translator"
Info: nios2_gen2_0_custom_instruction_master_multi_xconnect: "platformniossdram" instantiated altera_customins_xconnect "nios2_gen2_0_custom_instruction_master_multi_xconnect"
Info: nios2_gen2_0_custom_instruction_master_multi_slave_translator0: "platformniossdram" instantiated altera_customins_slave_translator "nios2_gen2_0_custom_instruction_master_multi_slave_translator0"
Info: avalon_st_adapter: Inserting error_adapter: error_adapter_0
Info: avalon_st_adapter_001: Inserting error_adapter: error_adapter_0
Info: avalon_st_adapter_002: Inserting error_adapter: error_adapter_0
Info: avalon_st_adapter_003: Inserting error_adapter: error_adapter_0
Info: avalon_st_adapter_004: Inserting error_adapter: error_adapter_0
Info: avalon_st_adapter_005: Inserting error_adapter: error_adapter_0
Info: avalon_st_adapter_006: Inserting error_adapter: error_adapter_0
Info: avalon_st_adapter_007: Inserting error_adapter: error_adapter_0
Info: avalon_st_adapter_008: Inserting error_adapter: error_adapter_0
Info: avalon_st_adapter_009: Inserting error_adapter: error_adapter_0
Info: mm_interconnect_0: "platformniossdram" instantiated altera_mm_interconnect "mm_interconnect_0"
Info: irq_mapper: "platformniossdram" instantiated altera_irq_mapper "irq_mapper"
Info: rst_controller: "platformniossdram" instantiated altera_reset_controller "rst_controller"
Info: cpu: Starting RTL generation for module 'platformniossdram_nios2_gen2_0_cpu'
Info: cpu:   Generation command is [exec C:/intelFPGA_lite/18.1/quartus/bin64//eperlcmd.exe -I C:/intelFPGA_lite/18.1/quartus/bin64//perl/lib -I C:/intelfpga_lite/18.1/quartus/sopc_builder/bin/europa -I C:/intelfpga_lite/18.1/quartus/sopc_builder/bin/perl_lib -I C:/intelfpga_lite/18.1/quartus/sopc_builder/bin -I C:/intelfpga_lite/18.1/quartus/../ip/altera/nios2_ip/altera_nios2_gen2/cpu_lib -I C:/intelfpga_lite/18.1/quartus/../ip/altera/nios2_ip/altera_nios2_gen2/nios_lib -I C:/intelfpga_lite/18.1/quartus/../ip/altera/nios2_ip/altera_nios2_gen2 -I C:/intelfpga_lite/18.1/quartus/../ip/altera/nios2_ip/altera_nios2_gen2 -- C:/intelfpga_lite/18.1/quartus/../ip/altera/nios2_ip/altera_nios2_gen2/generate_rtl.epl --name=platformniossdram_nios2_gen2_0_cpu --dir=C:/Users/PATRIC~1/AppData/Local/Temp/alt8214_5179703578913010801.dir/0017_cpu_gen/ --quartus_bindir=C:/intelFPGA_lite/18.1/quartus/bin64/ --verilog --config=C:/Users/PATRIC~1/AppData/Local/Temp/alt8214_5179703578913010801.dir/0017_cpu_gen//platformniossdram_nios2_gen2_0_cpu_processor_configuration.pl  --do_build_sim=0  ]
Info: cpu: # 2019.11.14 00:05:00 (*) Starting Nios II generation
Info: cpu: # 2019.11.14 00:05:00 (*)   Checking for plaintext license.
Info: cpu: # 2019.11.14 00:05:01 (*)   Couldn't query license setup in Quartus directory C:/intelFPGA_lite/18.1/quartus/bin64/
Info: cpu: # 2019.11.14 00:05:01 (*)   Defaulting to contents of LM_LICENSE_FILE environment variable
Info: cpu: # 2019.11.14 00:05:01 (*)   LM_LICENSE_FILE environment variable is empty
Info: cpu: # 2019.11.14 00:05:01 (*)   Plaintext license not found.
Info: cpu: # 2019.11.14 00:05:01 (*)   No license required to generate encrypted Nios II/e.
Info: cpu: # 2019.11.14 00:05:01 (*)   Elaborating CPU configuration settings
Info: cpu: # 2019.11.14 00:05:01 (*)   Creating all objects for CPU
Info: cpu: # 2019.11.14 00:05:04 (*)   Generating RTL from CPU objects
Info: cpu: # 2019.11.14 00:05:04 (*)   Creating plain-text RTL
Info: cpu: # 2019.11.14 00:05:06 (*) Done Nios II generation
Info: cpu: Done RTL generation for module 'platformniossdram_nios2_gen2_0_cpu'
Info: cpu: "nios2_gen2_0" instantiated altera_nios2_gen2_unit "cpu"
Info: nios2_gen2_0_data_master_translator: "mm_interconnect_0" instantiated altera_merlin_master_translator "nios2_gen2_0_data_master_translator"
Info: jtag_uart_0_avalon_jtag_slave_translator: "mm_interconnect_0" instantiated altera_merlin_slave_translator "jtag_uart_0_avalon_jtag_slave_translator"
Info: nios2_gen2_0_data_master_agent: "mm_interconnect_0" instantiated altera_merlin_master_agent "nios2_gen2_0_data_master_agent"
Info: jtag_uart_0_avalon_jtag_slave_agent: "mm_interconnect_0" instantiated altera_merlin_slave_agent "jtag_uart_0_avalon_jtag_slave_agent"
Info: jtag_uart_0_avalon_jtag_slave_agent_rsp_fifo: "mm_interconnect_0" instantiated altera_avalon_sc_fifo "jtag_uart_0_avalon_jtag_slave_agent_rsp_fifo"
Info: router: "mm_interconnect_0" instantiated altera_merlin_router "router"
Info: router_001: "mm_interconnect_0" instantiated altera_merlin_router "router_001"
Info: router_002: "mm_interconnect_0" instantiated altera_merlin_router "router_002"
Info: router_003: "mm_interconnect_0" instantiated altera_merlin_router "router_003"
Info: router_005: "mm_interconnect_0" instantiated altera_merlin_router "router_005"
Info: sdram_s1_burst_adapter: "mm_interconnect_0" instantiated altera_merlin_burst_adapter "sdram_s1_burst_adapter"
Info: cmd_demux: "mm_interconnect_0" instantiated altera_merlin_demultiplexer "cmd_demux"
Info: cmd_demux_001: "mm_interconnect_0" instantiated altera_merlin_demultiplexer "cmd_demux_001"
Info: cmd_mux: "mm_interconnect_0" instantiated altera_merlin_multiplexer "cmd_mux"
Info: cmd_mux_001: "mm_interconnect_0" instantiated altera_merlin_multiplexer "cmd_mux_001"
Info: Reusing file C:/cygwin/home/ece4530f19/example-nios-sdram/platformniossdram/synthesis/submodules/altera_merlin_arbitrator.sv
Info: rsp_demux: "mm_interconnect_0" instantiated altera_merlin_demultiplexer "rsp_demux"
Info: rsp_demux_003: "mm_interconnect_0" instantiated altera_merlin_demultiplexer "rsp_demux_003"
Info: rsp_mux: "mm_interconnect_0" instantiated altera_merlin_multiplexer "rsp_mux"
Info: Reusing file C:/cygwin/home/ece4530f19/example-nios-sdram/platformniossdram/synthesis/submodules/altera_merlin_arbitrator.sv
Info: rsp_mux_001: "mm_interconnect_0" instantiated altera_merlin_multiplexer "rsp_mux_001"
Info: Reusing file C:/cygwin/home/ece4530f19/example-nios-sdram/platformniossdram/synthesis/submodules/altera_merlin_arbitrator.sv
Info: sdram_s1_rsp_width_adapter: "mm_interconnect_0" instantiated altera_merlin_width_adapter "sdram_s1_rsp_width_adapter"
Info: Reusing file C:/cygwin/home/ece4530f19/example-nios-sdram/platformniossdram/synthesis/submodules/altera_merlin_address_alignment.sv
Info: Reusing file C:/cygwin/home/ece4530f19/example-nios-sdram/platformniossdram/synthesis/submodules/altera_merlin_burst_uncompressor.sv
Info: crosser: "mm_interconnect_0" instantiated altera_avalon_st_handshake_clock_crosser "crosser"
Info: Reusing file C:/cygwin/home/ece4530f19/example-nios-sdram/platformniossdram/synthesis/submodules/altera_avalon_st_pipeline_base.v
Info: avalon_st_adapter: "mm_interconnect_0" instantiated altera_avalon_st_adapter "avalon_st_adapter"
Info: avalon_st_adapter_003: "mm_interconnect_0" instantiated altera_avalon_st_adapter "avalon_st_adapter_003"
Info: error_adapter_0: "avalon_st_adapter" instantiated error_adapter "error_adapter_0"
Info: error_adapter_0: "avalon_st_adapter_003" instantiated error_adapter "error_adapter_0"
Info: platformniossdram: Done "platformniossdram" with 44 modules, 71 files
Info: qsys-generate succeeded.
Info: Finished: Create HDL design files for synthesis
